<?xml version="1.0" encoding="UTF-8"?>
<!-- Generated by org.testng.reporters.JUnitReportReporter -->
<testsuite skipped="0" hostname="DESKTOP-9GHN45G" name="tests.NewTest5" tests="1" failures="0" timestamp="2020-03-28T20:25:54 IST" time="20.067" errors="0">
  <testcase name="testCities" time="20.067" classname="tests.NewTest5"/>
  <system-out/>
</testsuite> <!-- tests.NewTest5 -->
