<?xml version="1.0" encoding="UTF-8"?>
<!-- Generated by org.testng.reporters.JUnitReportReporter -->
<testsuite skipped="0" hostname="DESKTOP-9GHN45G" name="tests.NewTest6" tests="1" failures="0" timestamp="2020-03-30T14:29:50 IST" time="15.983" errors="0">
  <testcase name="testOurOffices" time="15.983" classname="tests.NewTest6"/>
  <system-out/>
</testsuite> <!-- tests.NewTest6 -->
