<?xml version="1.0" encoding="UTF-8"?>
<!-- Generated by org.testng.reporters.JUnitReportReporter -->
<testsuite skipped="0" hostname="DESKTOP-9GHN45G" name="tests.NewTest1" tests="3" failures="0" timestamp="2020-04-11T13:36:11 IST" time="6.212" errors="0">
  <testcase name="testLoginlink" time="1.872" classname="tests.NewTest1"/>
  <system-out/>
  <testcase name="testLoginbutton" time="2.266" classname="tests.NewTest1"/>
  <system-out/>
  <testcase name="testLogout" time="2.074" classname="tests.NewTest1"/>
  <system-out/>
</testsuite> <!-- tests.NewTest1 -->
