<?xml version="1.0" encoding="UTF-8"?>
<!-- Generated by org.testng.reporters.JUnitReportReporter -->
<testsuite skipped="0" hostname="DESKTOP-9GHN45G" name="tests.NewTest1" tests="3" failures="0" timestamp="2020-03-28T15:42:01 IST" time="6.047" errors="0">
  <testcase name="testLoginlink" time="0.807" classname="tests.NewTest1"/>
  <system-out/>
  <testcase name="testLoginbutton" time="2.037" classname="tests.NewTest1"/>
  <system-out/>
  <testcase name="testLogout" time="3.203" classname="tests.NewTest1"/>
  <system-out/>
</testsuite> <!-- tests.NewTest1 -->
