<?xml version="1.0" encoding="UTF-8"?>
<!-- Generated by org.testng.reporters.JUnitReportReporter -->
<testsuite skipped="0" hostname="DESKTOP-9GHN45G" name="tests.NewTest2" tests="2" failures="0" timestamp="2020-03-28T19:49:29 IST" time="5.926" errors="0">
  <testcase name="TestRegsitrationlink" time="3.323" classname="tests.NewTest2"/>
  <system-out/>
  <testcase name="TestRegistrationButton" time="2.603" classname="tests.NewTest2"/>
  <system-out/>
</testsuite> <!-- tests.NewTest2 -->
